Using pre-set license
Built from '2020.3/staging' branch; Version is '2020.3.8f1 (507919d4fff5) revision 5273881'; Using compiler version '192528614'; Build Type 'Release'
OS: 'Windows 10 Home; OS build 19042.1466; Version 2009; 64bit' Language: 'en' Physical Memory: 32714 MB
BatchMode: 1, IsHumanControllingUs: 0, StartBugReporterOnCrash: 0, Is64bit: 1, IsPro: 0

 COMMAND LINE ARGUMENTS:
C:\Program Files\Unity\Hub\Editor\2020.3.8f1\Editor\Unity.exe
-adb2
-batchMode
-noUpm
-name
AssetImportWorker0
-projectPath
C:/Users/jikon/Desktop/School/Unity/VerticalSlice09-3D/VerticalSlice09-3D
-logFile
Logs/AssetImportWorker0.log
-srvPort
65355
Successfully changed project path to: C:/Users/jikon/Desktop/School/Unity/VerticalSlice09-3D/VerticalSlice09-3D
C:/Users/jikon/Desktop/School/Unity/VerticalSlice09-3D/VerticalSlice09-3D
Using Asset Import Pipeline V2.
Refreshing native plugins compatible for Editor in 20.78 ms, found 0 plugins.
Preloading 0 native plugins for Editor in 0.00 ms.
Initialize engine version: 2020.3.8f1 (507919d4fff5)
[Subsystems] Discovering subsystems at path C:/Program Files/Unity/Hub/Editor/2020.3.8f1/Editor/Data/Resources/UnitySubsystems
[Subsystems] Discovering subsystems at path C:/Users/jikon/Desktop/School/Unity/VerticalSlice09-3D/VerticalSlice09-3D/Assets
GfxDevice: creating device client; threaded=0
Direct3D:
    Version:  Direct3D 11.0 [level 11.1]
    Renderer: NVIDIA GeForce RTX 2070 SUPER (ID=0x1e84)
    Vendor:   
    VRAM:     8011 MB
    Driver:   30.0.15.1123
Initialize mono
Mono path[0] = 'C:/Program Files/Unity/Hub/Editor/2020.3.8f1/Editor/Data/Managed'
Mono path[1] = 'C:/Program Files/Unity/Hub/Editor/2020.3.8f1/Editor/Data/MonoBleedingEdge/lib/mono/unityjit'
Mono config path = 'C:/Program Files/Unity/Hub/Editor/2020.3.8f1/Editor/Data/MonoBleedingEdge/etc'
Using monoOptions --debugger-agent=transport=dt_socket,embedding=1,server=y,suspend=n,address=127.0.0.1:56884
Begin MonoManager ReloadAssembly
Registering precompiled unity dll's ...
Register platform support module: C:/Program Files/Unity/Hub/Editor/2020.3.8f1/Editor/Data/PlaybackEngines/WindowsStandaloneSupport/UnityEditor.WindowsStandalone.Extensions.dll
Registered in 0.001613 seconds.
Native extension for WindowsStandalone target not found
Refreshing native plugins compatible for Editor in 20.21 ms, found 0 plugins.
Preloading 0 native plugins for Editor in 0.00 ms.
Mono: successfully reloaded assembly
- Completed reload, in  0.818 seconds
Platform modules already initialized, skipping
Registering precompiled user dll's ...
Registered in 0.000673 seconds.
Begin MonoManager ReloadAssembly
Native extension for WindowsStandalone target not found
Refreshing native plugins compatible for Editor in 0.21 ms, found 0 plugins.
Preloading 0 native plugins for Editor in 0.00 ms.
Mono: successfully reloaded assembly
- Completed reload, in  0.646 seconds
Platform modules already initialized, skipping
========================================================================
Worker process is ready to serve import requests
Launched and connected shader compiler UnityShaderCompiler.exe after 0.04 seconds
Refreshing native plugins compatible for Editor in 0.27 ms, found 0 plugins.
Preloading 0 native plugins for Editor in 0.00 ms.
Unloading 1115 Unused Serialized files (Serialized files now loaded: 0)
System memory in use before: 57.1 MB.
System memory in use after: 57.1 MB.

Unloading 10 unused Assets to reduce memory usage. Loaded Objects now: 1557.
Total: 1.477800 ms (FindLiveObjects: 0.148100 ms CreateObjectMapping: 0.024300 ms MarkObjects: 1.240100 ms  DeleteObjects: 0.064400 ms)

========================================================================
Received Import Request.
  path: Assets/Scenes
  artifactKey: Guid(a7d043f6af9ba284594ae96fe437f869) Importer(815301076,1909f56bfc062723c751e8b465ee728b)
Start importing Assets/Scenes using Guid(a7d043f6af9ba284594ae96fe437f869) Importer(815301076,1909f56bfc062723c751e8b465ee728b)  -> (artifact id: 'a84f74f63e674e1ca2f988cc13df9425') in 0.008013 seconds
  Import took 0.009824 seconds .

========================================================================
Received Import Request.
  Time since last request: 0.383784 seconds.
  path: Assets/Scenes/SampleScene.unity
  artifactKey: Guid(9fc0d4010bbf28b4594072e72b8655ab) Importer(815301076,1909f56bfc062723c751e8b465ee728b)
Start importing Assets/Scenes/SampleScene.unity using Guid(9fc0d4010bbf28b4594072e72b8655ab) Importer(815301076,1909f56bfc062723c751e8b465ee728b)  -> (artifact id: '85059f4f9e1a832ed95adaa0d25c5c4c') in 0.012626 seconds
  Import took 0.014469 seconds .

========================================================================
Received Import Request.
  Time since last request: 4.569673 seconds.
  path: Assets/Scenes/Main.unity
  artifactKey: Guid(9fc0d4010bbf28b4594072e72b8655ab) Importer(815301076,1909f56bfc062723c751e8b465ee728b)
Start importing Assets/Scenes/Main.unity using Guid(9fc0d4010bbf28b4594072e72b8655ab) Importer(815301076,1909f56bfc062723c751e8b465ee728b)  -> (artifact id: '1af302a0ce083add9bf18ad47e3dec48') in 0.006166 seconds
  Import took 0.007844 seconds .

========================================================================
Received Import Request.
  Time since last request: 0.000991 seconds.
  path: Assets/Scenes/Main.unity
  artifactKey: Guid(9fc0d4010bbf28b4594072e72b8655ab) Importer(815301076,1909f56bfc062723c751e8b465ee728b)
Start importing Assets/Scenes/Main.unity using Guid(9fc0d4010bbf28b4594072e72b8655ab) Importer(815301076,1909f56bfc062723c751e8b465ee728b)  -> (artifact id: '1af302a0ce083add9bf18ad47e3dec48') in 0.001878 seconds
  Import took 0.003441 seconds .

========================================================================
Received Import Request.
  Time since last request: 116.188638 seconds.
  path: Assets/Scenes/Joost.unity
  artifactKey: Guid(a8dec5c2656a70c48a216fd0f547c7e2) Importer(815301076,1909f56bfc062723c751e8b465ee728b)
Start importing Assets/Scenes/Joost.unity using Guid(a8dec5c2656a70c48a216fd0f547c7e2) Importer(815301076,1909f56bfc062723c751e8b465ee728b)  -> (artifact id: '3e94b708c5025d065ae2bb9a5aa424f5') in 0.005200 seconds
  Import took 0.006881 seconds .

========================================================================
Received Import Request.
  Time since last request: 0.000243 seconds.
  path: Assets/Scenes/Joost.unity
  artifactKey: Guid(a8dec5c2656a70c48a216fd0f547c7e2) Importer(815301076,1909f56bfc062723c751e8b465ee728b)
Start importing Assets/Scenes/Joost.unity using Guid(a8dec5c2656a70c48a216fd0f547c7e2) Importer(815301076,1909f56bfc062723c751e8b465ee728b)  -> (artifact id: '3e94b708c5025d065ae2bb9a5aa424f5') in 0.001893 seconds
  Import took 0.003298 seconds .

========================================================================
Received Import Request.
  Time since last request: 12.018133 seconds.
  path: Assets/Scenes/Guido.unity
  artifactKey: Guid(ca2e19cc8c8ec4649b57c57a7b1c2fcb) Importer(815301076,1909f56bfc062723c751e8b465ee728b)
Start importing Assets/Scenes/Guido.unity using Guid(ca2e19cc8c8ec4649b57c57a7b1c2fcb) Importer(815301076,1909f56bfc062723c751e8b465ee728b)  -> (artifact id: '5cf282916f3226b00f94bd786722ace0') in 0.005110 seconds
  Import took 0.006693 seconds .

========================================================================
Received Import Request.
  Time since last request: 0.003321 seconds.
  path: Assets/Scenes/Guido.unity
  artifactKey: Guid(ca2e19cc8c8ec4649b57c57a7b1c2fcb) Importer(815301076,1909f56bfc062723c751e8b465ee728b)
Start importing Assets/Scenes/Guido.unity using Guid(ca2e19cc8c8ec4649b57c57a7b1c2fcb) Importer(815301076,1909f56bfc062723c751e8b465ee728b)  -> (artifact id: '5cf282916f3226b00f94bd786722ace0') in 0.001909 seconds
  Import took 0.003236 seconds .

========================================================================
Received Import Request.
  Time since last request: 5.097620 seconds.
  path: Assets/Scenes/Senno.unity
  artifactKey: Guid(5bdd5dbf90885e246be1bff73b16a982) Importer(815301076,1909f56bfc062723c751e8b465ee728b)
Start importing Assets/Scenes/Senno.unity using Guid(5bdd5dbf90885e246be1bff73b16a982) Importer(815301076,1909f56bfc062723c751e8b465ee728b)  -> (artifact id: '82a37a7e2ab9d8c8fd6989f825cd8772') in 0.005628 seconds
  Import took 0.007392 seconds .

========================================================================
Received Import Request.
  Time since last request: 16.916690 seconds.
  path: Assets/Scenes/Jim.unity
  artifactKey: Guid(dcf4fa3a148a7e84982d09657a1a1edf) Importer(815301076,1909f56bfc062723c751e8b465ee728b)
Start importing Assets/Scenes/Jim.unity using Guid(dcf4fa3a148a7e84982d09657a1a1edf) Importer(815301076,1909f56bfc062723c751e8b465ee728b)  -> (artifact id: 'b59e6253f45c940e63510fb7e8abb9e6') in 0.005690 seconds
  Import took 0.007376 seconds .

========================================================================
Received Import Request.
  Time since last request: 47.159650 seconds.
  path: Assets/Scenes/Developer
  artifactKey: Guid(30078207b736e124e8f57765832315a4) Importer(815301076,1909f56bfc062723c751e8b465ee728b)
Start importing Assets/Scenes/Developer using Guid(30078207b736e124e8f57765832315a4) Importer(815301076,1909f56bfc062723c751e8b465ee728b)  -> (artifact id: '50d83805e4edf22755e3fa30645970d8') in 0.005635 seconds
  Import took 0.007412 seconds .

========================================================================
Received Import Request.
  Time since last request: 5.019275 seconds.
  path: Assets/Scenes/Artist
  artifactKey: Guid(3c19701c73ec3594c837f7efcbf51115) Importer(815301076,1909f56bfc062723c751e8b465ee728b)
Start importing Assets/Scenes/Artist using Guid(3c19701c73ec3594c837f7efcbf51115) Importer(815301076,1909f56bfc062723c751e8b465ee728b)  -> (artifact id: 'ff03c4a0fb722186e50ab30be4ef3c8f') in 0.004973 seconds
  Import took 0.006546 seconds .

========================================================================
Received Import Request.
  Time since last request: 0.000323 seconds.
  path: Assets/Scenes/Artist
  artifactKey: Guid(3c19701c73ec3594c837f7efcbf51115) Importer(815301076,1909f56bfc062723c751e8b465ee728b)
Start importing Assets/Scenes/Artist using Guid(3c19701c73ec3594c837f7efcbf51115) Importer(815301076,1909f56bfc062723c751e8b465ee728b)  -> (artifact id: 'ff03c4a0fb722186e50ab30be4ef3c8f') in 0.001788 seconds
  Import took 0.003159 seconds .

========================================================================
Received Import Request.
  Time since last request: 23.481090 seconds.
  path: Assets/Scenes/Feline.unity
  artifactKey: Guid(3259b84ddfb117d408cb2809bc25685e) Importer(815301076,1909f56bfc062723c751e8b465ee728b)
Start importing Assets/Scenes/Feline.unity using Guid(3259b84ddfb117d408cb2809bc25685e) Importer(815301076,1909f56bfc062723c751e8b465ee728b)  -> (artifact id: '13b372ed30cb2cd3563757e85b74088c') in 0.005756 seconds
  Import took 0.007456 seconds .

========================================================================
Received Import Request.
  Time since last request: 0.008368 seconds.
  path: Assets/Scenes/Feline.unity
  artifactKey: Guid(3259b84ddfb117d408cb2809bc25685e) Importer(815301076,1909f56bfc062723c751e8b465ee728b)
Start importing Assets/Scenes/Feline.unity using Guid(3259b84ddfb117d408cb2809bc25685e) Importer(815301076,1909f56bfc062723c751e8b465ee728b)  -> (artifact id: '13b372ed30cb2cd3563757e85b74088c') in 0.002019 seconds
  Import took 0.003531 seconds .

========================================================================
Received Import Request.
  Time since last request: 4.233310 seconds.
  path: Assets/Scenes/Amy.unity
  artifactKey: Guid(95310e9ccdac8be4ba1259253d857d93) Importer(815301076,1909f56bfc062723c751e8b465ee728b)
Start importing Assets/Scenes/Amy.unity using Guid(95310e9ccdac8be4ba1259253d857d93) Importer(815301076,1909f56bfc062723c751e8b465ee728b)  -> (artifact id: 'c64fa7b9faea6d69c30e69d3b8d0f975') in 0.005429 seconds
  Import took 0.007114 seconds .

========================================================================
Received Import Request.
  Time since last request: 10.138635 seconds.
  path: Assets/Scenes/Joep.unity
  artifactKey: Guid(af1850bc8773f6b4487517d381123d88) Importer(815301076,1909f56bfc062723c751e8b465ee728b)
Start importing Assets/Scenes/Joep.unity using Guid(af1850bc8773f6b4487517d381123d88) Importer(815301076,1909f56bfc062723c751e8b465ee728b)  -> (artifact id: 'd292c0019e0228544263eb78725aa6ff') in 0.005281 seconds
  Import took 0.006980 seconds .

========================================================================
Received Import Request.
  Time since last request: 37.783312 seconds.
  path: Assets/Scenes/Jill.unity
  artifactKey: Guid(b9e42381cd137324d9944117d5d8a56f) Importer(815301076,1909f56bfc062723c751e8b465ee728b)
Start importing Assets/Scenes/Jill.unity using Guid(b9e42381cd137324d9944117d5d8a56f) Importer(815301076,1909f56bfc062723c751e8b465ee728b)  -> (artifact id: 'cbbb449a8f2508621e97fd6cea53f2f1') in 0.005925 seconds
  Import took 0.007840 seconds .

========================================================================
Received Import Request.
  Time since last request: 0.004104 seconds.
  path: Assets/Scenes/Jill.unity
  artifactKey: Guid(b9e42381cd137324d9944117d5d8a56f) Importer(815301076,1909f56bfc062723c751e8b465ee728b)
Start importing Assets/Scenes/Jill.unity using Guid(b9e42381cd137324d9944117d5d8a56f) Importer(815301076,1909f56bfc062723c751e8b465ee728b)  -> (artifact id: 'cbbb449a8f2508621e97fd6cea53f2f1') in 0.002171 seconds
  Import took 0.003840 seconds .

========================================================================
Received Import Request.
  Time since last request: 21.799434 seconds.
  path: Assets/Scenes/Final
  artifactKey: Guid(34ff92bda56dd794181cf79f7aae6291) Importer(815301076,1909f56bfc062723c751e8b465ee728b)
Start importing Assets/Scenes/Final using Guid(34ff92bda56dd794181cf79f7aae6291) Importer(815301076,1909f56bfc062723c751e8b465ee728b)  -> (artifact id: '5a35046f8ab992ffb78164fa3d505d7e') in 0.005645 seconds
  Import took 0.007468 seconds .

AssetImportWorkerClient::OnTransportError - code=2 error=End of file
